<?xml version="1.0" encoding="UTF-8"?>
<testsuite name="com.gorest.cucumber.CucumberRunner" time="1.01" tests="20" errors="0" skipped="0" failures="0">
  <properties>
[...]
</properties>
  <testcase name="Given As a user I create new user" classname="| Nrj | nrjptl@gmail.com | Male | Active |" time="0.002"/>
  <testcase name="When I create a new user by  information name &quot;Nrj&quot; email &quot;nrjptl@gmail.com&quot; gender &quot;Male&quot; status &quot;Active&quot;" classname="| Nrj | nrjptl@gmail.com | Male | Active |" time="0"/>
  <testcase name="Then I got valid status code" classname="| Nrj | nrjptl@gmail.com | Male | Active |" time="0"/>
  <testcase name="| Nrj | nrjptl@gmail.com | Male | Active |" classname="| Nrj | nrjptl@gmail.com | Male | Active |" time="0.845"/>
  <testcase name="When I get user information" classname="Scenario: Get User details" time="0"/>
  <testcase name="Then i verify valid status code" classname="Scenario: Get User details" time="0"/>
  <testcase name="Scenario: Get User details" classname="Scenario: Get User details" time="0.038"/>
  <testcase name="Given As a user I update user" classname="| Bruno | sidthabruno@gmail.com | Male | Active |" time="0"/>
  <testcase name="When Update user details by  the information name &quot;Bruno&quot; email &quot;sidthabruno@gmail.com&quot; gender &quot;Male&quot; status &quot;Active&quot;" classname="| Bruno | sidthabruno@gmail.com | Male | Active |" time="0"/>
  <testcase name="Then i verify code" classname="| Bruno | sidthabruno@gmail.com | Male | Active |" time="0"/>
  <testcase name="| Bruno | sidthabruno@gmail.com | Male | Active |" classname="| Bruno | sidthabruno@gmail.com | Male | Active |" time="0.04"/>
  <testcase name="When i deleted user successfully" classname="Scenario: Delete user details" time="0"/>
  <testcase name="Then I valid code" classname="Scenario: Delete user details" time="0"/>
  <testcase name="Scenario: Delete user details" classname="Scenario: Delete user details" time="0.032"/>
  <testcase name="Given As a user I create get and update and delete user" classname="| Abc | abc123@gmail.com | Male | Active |" time="0"/>
  <testcase name="When I create a new user by providing the information name &quot;Abc&quot; email &quot;abc123@gmail.com&quot; gender &quot;Male&quot; status &quot;Active&quot;" classname="| Abc | abc123@gmail.com | Male | Active |" time="0"/>
  <testcase name="And I get user information by id" classname="| Abc | abc123@gmail.com | Male | Active |" time="0"/>
  <testcase name="And Update user details by providing the information name &quot;Abc&quot; email &quot;abc123@gmail.com&quot; gender &quot;Male&quot; status &quot;Active&quot;" classname="| Abc | abc123@gmail.com | Male | Active |" time="0"/>
  <testcase name="Then The user id deleted successfully" classname="| Abc | abc123@gmail.com | Male | Active |" time="0"/>
  <testcase name="| Abc | abc123@gmail.com | Male | Active |" classname="| Abc | abc123@gmail.com | Male | Active |" time="0.053"/>
</testsuite>